Iter:      0,  Train Loss:  0.74,  Train Acc: 53.12%,  Val Loss:   0.7,  Val Acc: 49.88%,  Time: 0:00:04 *
Epoch [2/50]
Iter:    100,  Train Loss:  0.38,  Train Acc: 84.38%,  Val Loss:  0.31,  Val Acc: 88.18%,  Time: 0:00:40 *
Epoch [3/50]
Epoch [4/50]
Iter:    200,  Train Loss: 0.025,  Train Acc: 100.00%,  Val Loss:  0.38,  Val Acc: 87.12%,  Time: 0:01:15 
Epoch [5/50]
Epoch [6/50]
Iter:    300,  Train Loss: 0.047,  Train Acc: 96.88%,  Val Loss:  0.57,  Val Acc: 85.22%,  Time: 0:01:51 
Epoch [7/50]
Epoch [8/50]
Iter:    400,  Train Loss: 0.0033,  Train Acc: 100.00%,  Val Loss:  0.49,  Val Acc: 88.06%,  Time: 0:02:26 
Epoch [9/50]
Epoch [10/50]
Iter:    500,  Train Loss: 0.002,  Train Acc: 100.00%,  Val Loss:  0.54,  Val Acc: 88.77%,  Time: 0:03:02 *
Epoch [11/50]
Epoch [12/50]
Iter:    600,  Train Loss: 0.00053,  Train Acc: 100.00%,  Val Loss:  0.56,  Val Acc: 89.13%,  Time: 0:03:39 *
Epoch [13/50]
Epoch [14/50]
Iter:    700,  Train Loss: 0.0006,  Train Acc: 100.00%,  Val Loss:  0.59,  Val Acc: 89.36%,  Time: 0:04:15 *
Epoch [15/50]
Epoch [16/50]
Iter:    800,  Train Loss: 0.00031,  Train Acc: 100.00%,  Val Loss:  0.62,  Val Acc: 88.89%,  Time: 0:04:51 
Epoch [17/50]
Iter:    900,  Train Loss: 0.00037,  Train Acc: 100.00%,  Val Loss:  0.63,  Val Acc: 89.36%,  Time: 0:05:26 
Epoch [18/50]
Epoch [19/50]
Iter:   1000,  Train Loss: 0.00025,  Train Acc: 100.00%,  Val Loss:  0.64,  Val Acc: 89.24%,  Time: 0:06:02 
Epoch [20/50]
Epoch [21/50]
Iter:   1100,  Train Loss: 0.00033,  Train Acc: 100.00%,  Val Loss:  0.67,  Val Acc: 89.01%,  Time: 0:06:38 
Epoch [22/50]
Epoch [23/50]
Iter:   1200,  Train Loss: 0.00023,  Train Acc: 100.00%,  Val Loss:  0.66,  Val Acc: 89.24%,  Time: 0:07:14 
Epoch [24/50]
Epoch [25/50]
Iter:   1300,  Train Loss: 0.00018,  Train Acc: 100.00%,  Val Loss:  0.67,  Val Acc: 89.36%,  Time: 0:07:49 
Epoch [26/50]
Epoch [27/50]
Iter:   1400,  Train Loss: 0.00013,  Train Acc: 100.00%,  Val Loss:  0.67,  Val Acc: 89.24%,  Time: 0:08:25 
Epoch [28/50]
Epoch [29/50]
Iter:   1500,  Train Loss: 0.00014,  Train Acc: 100.00%,  Val Loss:  0.69,  Val Acc: 89.24%,  Time: 0:09:01 
Epoch [30/50]
Epoch [31/50]
Iter:   1600,  Train Loss: 0.00015,  Train Acc: 100.00%,  Val Loss:  0.69,  Val Acc: 89.36%,  Time: 0:09:37 
Epoch [32/50]
Epoch [33/50]
Iter:   1700,  Train Loss: 0.00022,  Train Acc: 100.00%,  Val Loss:   0.7,  Val Acc: 89.24%,  Time: 0:10:13 
No optimization for a long time, auto-stopping...
Test Loss:   0.5,  Test Acc: 89.83%
Precision, Recall and F1-Score...
              precision    recall  f1-score   support

   non-rumor     0.8970    0.9053    0.9011       433
       rumor     0.8998    0.8910    0.8954       413

    accuracy                         0.8983       846
   macro avg     0.8984    0.8982    0.8983       846
weighted avg     0.8984    0.8983    0.8983       846

Confusion Matrix...
[[392  41]
 [ 45 368]]
Time usage: 0:00:03


batch_size:32
max_len:100
lr:1e-5
filtered:True