Iter:      0,  Train Loss:  0.68,  Train Acc: 37.50%,  Val Loss:   0.7,  Val Acc: 55.08%,  Time: 0:00:05 *
Iter:    100,  Train Loss:  0.12,  Train Acc: 100.00%,  Val Loss:  0.41,  Val Acc: 81.56%,  Time: 0:00:36 *
Epoch [2/50]
Iter:    200,  Train Loss:   0.6,  Train Acc: 75.00%,  Val Loss:  0.33,  Val Acc: 84.99%,  Time: 0:01:07 *
Epoch [3/50]
Iter:    300,  Train Loss: 0.069,  Train Acc: 100.00%,  Val Loss:  0.31,  Val Acc: 89.83%,  Time: 0:01:38 *
Epoch [4/50]
Iter:    400,  Train Loss: 0.013,  Train Acc: 100.00%,  Val Loss:  0.37,  Val Acc: 87.94%,  Time: 0:02:09 
Epoch [5/50]
Iter:    500,  Train Loss:  0.01,  Train Acc: 100.00%,  Val Loss:  0.64,  Val Acc: 82.98%,  Time: 0:02:39 
Epoch [6/50]
Iter:    600,  Train Loss: 0.003,  Train Acc: 100.00%,  Val Loss:  0.36,  Val Acc: 91.84%,  Time: 0:03:11 *
Epoch [7/50]
Iter:    700,  Train Loss: 0.015,  Train Acc: 100.00%,  Val Loss:   0.4,  Val Acc: 90.19%,  Time: 0:03:41 
Epoch [8/50]
Iter:    800,  Train Loss: 0.0014,  Train Acc: 100.00%,  Val Loss:  0.34,  Val Acc: 91.96%,  Time: 0:04:12 *
Epoch [9/50]
Iter:    900,  Train Loss: 0.00098,  Train Acc: 100.00%,  Val Loss:  0.43,  Val Acc: 90.66%,  Time: 0:04:43 
Epoch [10/50]
Iter:   1000,  Train Loss: 0.00066,  Train Acc: 100.00%,  Val Loss:  0.45,  Val Acc: 90.90%,  Time: 0:05:14 
Epoch [11/50]
Iter:   1100,  Train Loss: 0.00062,  Train Acc: 100.00%,  Val Loss:  0.44,  Val Acc: 90.90%,  Time: 0:05:44 
Epoch [12/50]
Iter:   1200,  Train Loss: 0.00041,  Train Acc: 100.00%,  Val Loss:  0.46,  Val Acc: 90.90%,  Time: 0:06:15 
Epoch [13/50]
Iter:   1300,  Train Loss: 0.00051,  Train Acc: 100.00%,  Val Loss:  0.46,  Val Acc: 91.13%,  Time: 0:06:46 
Epoch [14/50]
Iter:   1400,  Train Loss: 0.00057,  Train Acc: 100.00%,  Val Loss:  0.46,  Val Acc: 91.73%,  Time: 0:07:16 
Epoch [15/50]
Iter:   1500,  Train Loss: 0.0003,  Train Acc: 100.00%,  Val Loss:  0.46,  Val Acc: 91.96%,  Time: 0:07:47 
Epoch [16/50]
Iter:   1600,  Train Loss: 0.00032,  Train Acc: 100.00%,  Val Loss:  0.47,  Val Acc: 91.84%,  Time: 0:08:18 
Epoch [17/50]
Iter:   1700,  Train Loss: 0.00027,  Train Acc: 100.00%,  Val Loss:  0.46,  Val Acc: 92.20%,  Time: 0:08:49 *
Iter:   1800,  Train Loss: 0.00021,  Train Acc: 100.00%,  Val Loss:  0.49,  Val Acc: 91.73%,  Time: 0:09:19 
Epoch [18/50]
Iter:   1900,  Train Loss: 0.00031,  Train Acc: 100.00%,  Val Loss:  0.49,  Val Acc: 91.73%,  Time: 0:09:50 
Epoch [19/50]
Iter:   2000,  Train Loss: 0.00016,  Train Acc: 100.00%,  Val Loss:   0.5,  Val Acc: 91.73%,  Time: 0:10:21 
Epoch [20/50]
Iter:   2100,  Train Loss: 0.00022,  Train Acc: 100.00%,  Val Loss:  0.82,  Val Acc: 86.41%,  Time: 0:10:51 
Epoch [21/50]
Iter:   2200,  Train Loss: 0.0018,  Train Acc: 100.00%,  Val Loss:   0.4,  Val Acc: 91.49%,  Time: 0:11:22 
Epoch [22/50]
Iter:   2300,  Train Loss: 0.0021,  Train Acc: 100.00%,  Val Loss:  0.58,  Val Acc: 89.13%,  Time: 0:11:53 
Epoch [23/50]
Iter:   2400,  Train Loss: 0.00055,  Train Acc: 100.00%,  Val Loss:  0.43,  Val Acc: 91.13%,  Time: 0:12:23 
Epoch [24/50]
Iter:   2500,  Train Loss: 0.00019,  Train Acc: 100.00%,  Val Loss:  0.43,  Val Acc: 91.96%,  Time: 0:12:54 
Epoch [25/50]
Iter:   2600,  Train Loss: 0.00019,  Train Acc: 100.00%,  Val Loss:  0.52,  Val Acc: 90.66%,  Time: 0:13:25 
Epoch [26/50]
Iter:   2700,  Train Loss: 0.00016,  Train Acc: 100.00%,  Val Loss:   0.5,  Val Acc: 91.02%,  Time: 0:13:55 
No optimization for a long time, auto-stopping...
Test Loss:  0.54,  Test Acc: 91.02%
Precision, Recall and F1-Score...
              precision    recall  f1-score   support

   non-rumor     0.8923    0.9376    0.9144       433
       rumor     0.9309    0.8814    0.9055       413

    accuracy                         0.9102       846
   macro avg     0.9116    0.9095    0.9099       846
weighted avg     0.9112    0.9102    0.9100       846

Confusion Matrix...
[[406  27]
 [ 49 364]]
Time usage: 0:00:04

batch_size:16
max_len:150
lr:1e-5
filtered:True
最长的分词后的词数:135