Iter:      0,  Train Loss:  0.73,  Train Acc: 43.75%,  Val Loss:  0.68,  Val Acc: 56.86%,  Time: 0:00:05 *
Iter:    100,  Train Loss:  0.21,  Train Acc: 93.75%,  Val Loss:   0.4,  Val Acc: 82.74%,  Time: 0:00:36 *
Epoch [2/50]
Iter:    200,  Train Loss:  0.49,  Train Acc: 81.25%,  Val Loss:  0.43,  Val Acc: 82.27%,  Time: 0:01:07 
Epoch [3/50]
Iter:    300,  Train Loss: 0.074,  Train Acc: 100.00%,  Val Loss:  0.31,  Val Acc: 89.13%,  Time: 0:01:38 *
Epoch [4/50]
Iter:    400,  Train Loss: 0.042,  Train Acc: 100.00%,  Val Loss:  0.35,  Val Acc: 88.42%,  Time: 0:02:08 
Epoch [5/50]
Iter:    500,  Train Loss: 0.0038,  Train Acc: 100.00%,  Val Loss:  0.35,  Val Acc: 90.19%,  Time: 0:02:40 *
Epoch [6/50]
Iter:    600,  Train Loss: 0.035,  Train Acc: 100.00%,  Val Loss:  0.35,  Val Acc: 90.31%,  Time: 0:03:11 *
Epoch [7/50]
Iter:    700,  Train Loss: 0.0016,  Train Acc: 100.00%,  Val Loss:  0.54,  Val Acc: 88.30%,  Time: 0:03:42 
Epoch [8/50]
Iter:    800,  Train Loss: 0.00079,  Train Acc: 100.00%,  Val Loss:  0.42,  Val Acc: 90.66%,  Time: 0:04:13 *
Epoch [9/50]
Iter:    900,  Train Loss: 0.00094,  Train Acc: 100.00%,  Val Loss:  0.61,  Val Acc: 88.65%,  Time: 0:04:43 
Epoch [10/50]
Iter:   1000,  Train Loss: 0.00086,  Train Acc: 100.00%,  Val Loss:  0.47,  Val Acc: 89.83%,  Time: 0:05:14 
Epoch [11/50]
Iter:   1100,  Train Loss: 0.00049,  Train Acc: 100.00%,  Val Loss:  0.59,  Val Acc: 89.13%,  Time: 0:05:45 
Epoch [12/50]
Iter:   1200,  Train Loss: 0.00042,  Train Acc: 100.00%,  Val Loss:  0.51,  Val Acc: 90.43%,  Time: 0:06:15 
Epoch [13/50]
Iter:   1300,  Train Loss: 0.00033,  Train Acc: 100.00%,  Val Loss:  0.48,  Val Acc: 91.37%,  Time: 0:06:47 *
Epoch [14/50]
Iter:   1400,  Train Loss: 0.001,  Train Acc: 100.00%,  Val Loss:  0.51,  Val Acc: 90.90%,  Time: 0:07:17 
Epoch [15/50]
Iter:   1500,  Train Loss: 0.00024,  Train Acc: 100.00%,  Val Loss:   0.5,  Val Acc: 91.49%,  Time: 0:07:49 *
Epoch [16/50]
Iter:   1600,  Train Loss: 0.00029,  Train Acc: 100.00%,  Val Loss:  0.53,  Val Acc: 90.78%,  Time: 0:08:19 
Epoch [17/50]
Iter:   1700,  Train Loss: 0.00024,  Train Acc: 100.00%,  Val Loss:  0.53,  Val Acc: 90.90%,  Time: 0:08:50 
Iter:   1800,  Train Loss: 0.00019,  Train Acc: 100.00%,  Val Loss:  0.54,  Val Acc: 91.02%,  Time: 0:09:21 
Epoch [18/50]
Iter:   1900,  Train Loss: 0.0077,  Train Acc: 100.00%,  Val Loss:  0.55,  Val Acc: 91.02%,  Time: 0:09:52 
Epoch [19/50]
Iter:   2000,  Train Loss: 0.00018,  Train Acc: 100.00%,  Val Loss:  0.56,  Val Acc: 90.90%,  Time: 0:10:22 
Epoch [20/50]
Iter:   2100,  Train Loss: 0.00014,  Train Acc: 100.00%,  Val Loss:  0.57,  Val Acc: 90.90%,  Time: 0:10:53 
Epoch [21/50]
Iter:   2200,  Train Loss: 0.00014,  Train Acc: 100.00%,  Val Loss:  0.59,  Val Acc: 90.54%,  Time: 0:11:24 
Epoch [22/50]
Iter:   2300,  Train Loss: 0.00016,  Train Acc: 100.00%,  Val Loss:  0.57,  Val Acc: 90.90%,  Time: 0:11:55 
Epoch [23/50]
Iter:   2400,  Train Loss: 0.00024,  Train Acc: 100.00%,  Val Loss:  0.58,  Val Acc: 91.02%,  Time: 0:12:25 
Epoch [24/50]
Iter:   2500,  Train Loss: 0.00014,  Train Acc: 100.00%,  Val Loss:  0.59,  Val Acc: 91.13%,  Time: 0:12:56 
No optimization for a long time, auto-stopping...
Test Loss:   0.5,  Test Acc: 91.37%
Precision, Recall and F1-Score...
              precision    recall  f1-score   support

   non-rumor     0.8913    0.9469    0.9183       433
       rumor     0.9404    0.8789    0.9086       413

    accuracy                         0.9137       846
   macro avg     0.9159    0.9129    0.9134       846
weighted avg     0.9153    0.9137    0.9136       846

Confusion Matrix...
[[410  23]
 [ 50 363]]
Time usage: 0:00:04

batch_size:16
max_len:150
lr:1e-5
filtered:False
最长的分词后的词数:135